<?xml version="1.0" encoding="UTF-8"?>
<!-- Generated by org.testng.reporters.JUnitReportReporter -->
<testsuite hostname="Tricky" failures="0" tests="1" name="maven.Day2" time="11.392" errors="0" timestamp="2023-03-18T13:05:47 EDT" skipped="0">
  <testcase classname="maven.Day2" name="invokeBrowser1" time="11.392"/>
  <system-out/>
</testsuite> <!-- maven.Day2 -->
