<?xml version="1.0" encoding="UTF-8"?>
<!-- Generated by org.testng.reporters.JUnitReportReporter -->
<testsuite hostname="Tricky" failures="0" tests="1" name="maven.Day1" time="12.813" errors="0" timestamp="2023-03-18T13:05:47 EDT" skipped="0">
  <testcase classname="maven.Day1" name="invokeBrowser" time="12.813"/>
  <system-out/>
</testsuite> <!-- maven.Day1 -->
