<?xml version="1.0" encoding="UTF-8"?>
<!-- Generated by org.testng.reporters.JUnitReportReporter -->
<testsuite hostname="Tricky" failures="0" tests="1" name="maven.Day1" time="12.029" errors="0" timestamp="2023-03-17T13:38:27 EDT" skipped="0">
  <testcase classname="maven.Day1" name="invokeBrowser" time="12.029"/>
  <system-out/>
</testsuite> <!-- maven.Day1 -->
